<?xml version="1.0" encoding="UTF-8"?>
<!-- Generated by org.testng.reporters.JUnitReportReporter -->
<testsuite hostname="WINDOWS-G35S0S0" failures="0" tests="1" name="limeroad.LimeRoad_Test" time="14.679" errors="0" timestamp="2023-02-10T14:48:46 IST" skipped="0">
  <testcase classname="limeroad.LimeRoad_Test" name="Lime_script" time="14.679"/>
  <system-out/>
</testsuite> <!-- limeroad.LimeRoad_Test -->
